<?xml version="1.0" encoding="UTF-8"?>
<testsuite xmlns:xsi="http://www.w3.org/2001/XMLSchema-instance" xsi:noNamespaceSchemaLocation="https://maven.apache.org/surefire/maven-surefire-plugin/xsd/surefire-test-report.xsd" version="3.0.2" name="com.robertosrjr.pedidos.infrastructure.adapter.in.web.validation.CurrencyCodeValidatorTest" time="0.878" tests="13" errors="0" skipped="0" failures="0" flakes="0">
  <properties>
[...]
</properties>
  <testcase name="should_return_false_when_code_contains_numbers" classname="Invalid currency codes" time="0.435"/>
  <testcase name="should_return_false_when_two_letter_code" classname="Invalid currency codes" time="0.022"/>
  <testcase name="should_return_false_when_four_letter_code" classname="Invalid currency codes" time="0.015"/>
  <testcase name="should_return_false_when_blank" classname="Invalid currency codes" time="0.007"/>
  <testcase name="should_return_false_when_empty" classname="Invalid currency codes" time="0.008"/>
  <testcase name="should_return_false_when_code_contains_special_chars" classname="Invalid currency codes" time="0.016"/>
  <testcase name="should_return_false_when_null" classname="Invalid currency codes" time="0.006"/>
  <testcase name="should_return_false_when_non_existent_code" classname="Invalid currency codes" time="0.026"/>
  <testcase name="should_accept_mixed_case_when_case_insensitive" classname="Valid ISO 4217 currency codes" time="0.03"/>
  <testcase name="should_accept_eur_when_valid_currency_code" classname="Valid ISO 4217 currency codes" time="0.009"/>
  <testcase name="should_accept_brl_when_valid_currency_code" classname="Valid ISO 4217 currency codes" time="0.016"/>
  <testcase name="should_accept_usd_when_valid_currency_code" classname="Valid ISO 4217 currency codes" time="0.005"/>
  <testcase name="should_accept_lowercase_when_case_insensitive" classname="Valid ISO 4217 currency codes" time="0.009"/>
</testsuite>